<?xml version="1.0" encoding="UTF-8"?>
<!-- Generated by org.testng.reporters.JUnitXMLReporter -->
<testsuite ignored="0" hostname="hp" failures="0" tests="5" name="TestHotel2" time="202.533" errors="0" timestamp="2025-02-05T06:49:19 IST">
  <testcase classname="testCases.TC01_Registration" name="register" time="18.863"/>
  <testcase classname="testCases.TC02_Login" name="log" time="3.782"/>
  <testcase classname="testCases.TC03_SearchHotel" name="search" time="28.492"/>
  <testcase classname="testCases.TC04_BookHotel" name="book" time="35.317"/>
  <testcase classname="testCases.TC05_BookingConfim" name="confirm" time="40.288"/>
</testsuite> <!-- TestHotel2 -->
