<?xml version="1.0" encoding="UTF-8"?>
<!-- Generated by org.testng.reporters.JUnitXMLReporter -->
<testsuite ignored="0" hostname="hp" failures="0" tests="9" name="TestHotel" time="226.295" errors="0" timestamp="2025-02-05T06:49:42 IST">
  <testcase classname="testCases.TC01_Registration" name="register" time="19.594"/>
  <testcase classname="testCases.TC02_Login" name="log" time="4.181"/>
  <testcase classname="testCases.TC03_SearchHotel" name="search" time="25.623"/>
  <testcase classname="testCases.TC04_BookHotel" name="book" time="32.509"/>
  <testcase classname="testCases.TC05_BookingConfim" name="confirm" time="41.055"/>
  <testcase classname="testCases.TC06_BookedIternary" name="iternary" time="22.0"/>
  <testcase classname="testCases.TC07_ChangePassword" name="changepass" time="10.345"/>
  <testcase classname="testCases.TC08_LogOut" name="log" time="4.731"/>
  <testcase classname="testCases.TC08_LogOut" name="log1" time="0.762"/>
</testsuite> <!-- TestHotel -->
